<?xml version="1.0" encoding="UTF-8"?>
<robot generator="Robot 4.1.2 (Python 3.10.0 on win32)" generated="20211129 15:33:56.002" rpa="false" schemaversion="2">
<suite id="s1" name="Test" source="C:\Users\NAYANA K\Desktop\Moolya assesment\APNA\Apna\Test\test.robot">
<test id="s1-t1" name="user should be able to search in Apna application">
<kw name="Launch the Apna Application">
<kw name="Open Application" library="AppiumLibrary">
<arg>${mir_server}</arg>
<arg>platformName=${platformName}</arg>
<arg>platformVersion=${platformVersion}</arg>
<arg>deviceName=${deviceName}</arg>
<arg>appActivity=${app_activity}</arg>
<arg>appPackage=${app_package}</arg>
<arg>noReset=true</arg>
<doc>Opens a new application to given Appium server.
Capabilities of appium server, Android and iOS,
Please check https://github.com/appium/appium/blob/master/docs/en/writing-running-appium/server-args.md
| *Option*            | *Man.* | *Description*     |
| remote_url          | Yes    | Appium server url |
| alias               | no     | alias             |</doc>
<status status="PASS" starttime="20211129 15:33:56.673" endtime="20211129 15:34:15.516"/>
</kw>
<status status="PASS" starttime="20211129 15:33:56.672" endtime="20211129 15:34:15.517"/>
</kw>
<kw name="Login through mobile number and verify through OTP">
<kw name="Sleep" library="BuiltIn">
<arg>5s</arg>
<doc>Pauses the test executed for the given time.</doc>
<msg timestamp="20211129 15:34:20.522" level="INFO">Slept 5 seconds</msg>
<status status="PASS" starttime="20211129 15:34:15.518" endtime="20211129 15:34:20.522"/>
</kw>
<kw name="Click Element" library="AppiumLibrary">
<arg>xpath=//android.widget.TextView[@text="English"]</arg>
<doc>Click element identified by `locator`.</doc>
<msg timestamp="20211129 15:34:20.524" level="INFO">Clicking element 'xpath=//android.widget.TextView[@text="English"]'.</msg>
<status status="PASS" starttime="20211129 15:34:20.522" endtime="20211129 15:34:21.026"/>
</kw>
<kw name="Sleep" library="BuiltIn">
<arg>5s</arg>
<doc>Pauses the test executed for the given time.</doc>
<msg timestamp="20211129 15:34:26.040" level="INFO">Slept 5 seconds</msg>
<status status="PASS" starttime="20211129 15:34:21.026" endtime="20211129 15:34:26.040"/>
</kw>
<kw name="Click Element" library="AppiumLibrary">
<arg>id=com.apnatime.debug:id/btn_continue</arg>
<doc>Click element identified by `locator`.</doc>
<msg timestamp="20211129 15:34:26.042" level="INFO">Clicking element 'id=com.apnatime.debug:id/btn_continue'.</msg>
<status status="PASS" starttime="20211129 15:34:26.040" endtime="20211129 15:34:26.171"/>
</kw>
<kw name="Sleep" library="BuiltIn">
<arg>5s</arg>
<doc>Pauses the test executed for the given time.</doc>
<msg timestamp="20211129 15:34:31.180" level="INFO">Slept 5 seconds</msg>
<status status="PASS" starttime="20211129 15:34:26.171" endtime="20211129 15:34:31.180"/>
</kw>
<kw name="Click Element" library="AppiumLibrary">
<arg>xpath=//android.widget.Button[@text="Let’s go!"]</arg>
<doc>Click element identified by `locator`.</doc>
<msg timestamp="20211129 15:34:31.217" level="INFO">Clicking element 'xpath=//android.widget.Button[@text="Let’s go!"]'.</msg>
<status status="PASS" starttime="20211129 15:34:31.180" endtime="20211129 15:34:31.371"/>
</kw>
<kw name="Sleep" library="BuiltIn">
<arg>5s</arg>
<doc>Pauses the test executed for the given time.</doc>
<msg timestamp="20211129 15:34:36.384" level="INFO">Slept 5 seconds</msg>
<status status="PASS" starttime="20211129 15:34:31.371" endtime="20211129 15:34:36.384"/>
</kw>
<kw name="Input Text" library="AppiumLibrary">
<arg>${name}</arg>
<arg>Nayana</arg>
<doc>Types the given `text` into text field identified by `locator`.</doc>
<msg timestamp="20211129 15:34:36.387" level="INFO">Typing text 'Nayana' into text field 'id=com.apnatime.debug:id/act_profile_info_et_full_name'</msg>
<status status="PASS" starttime="20211129 15:34:36.385" endtime="20211129 15:34:37.730"/>
</kw>
<kw name="Click Element" library="AppiumLibrary">
<arg>id=com.apnatime.debug:id/act_profile_info_et_city</arg>
<doc>Click element identified by `locator`.</doc>
<msg timestamp="20211129 15:34:37.735" level="INFO">Clicking element 'id=com.apnatime.debug:id/act_profile_info_et_city'.</msg>
<status status="PASS" starttime="20211129 15:34:37.731" endtime="20211129 15:34:38.315"/>
</kw>
<kw name="Sleep" library="BuiltIn">
<arg>5s</arg>
<doc>Pauses the test executed for the given time.</doc>
<msg timestamp="20211129 15:34:43.320" level="INFO">Slept 5 seconds</msg>
<status status="PASS" starttime="20211129 15:34:38.315" endtime="20211129 15:34:43.320"/>
</kw>
<kw name="Click Element" library="AppiumLibrary">
<arg>xpath=//android.widget.TextView[@text="Bengaluru"]</arg>
<doc>Click element identified by `locator`.</doc>
<msg timestamp="20211129 15:34:43.323" level="INFO">Clicking element 'xpath=//android.widget.TextView[@text="Bengaluru"]'.</msg>
<status status="PASS" starttime="20211129 15:34:43.320" endtime="20211129 15:34:43.591"/>
</kw>
<kw name="Sleep" library="BuiltIn">
<arg>5s</arg>
<doc>Pauses the test executed for the given time.</doc>
<msg timestamp="20211129 15:34:48.599" level="INFO">Slept 5 seconds</msg>
<status status="PASS" starttime="20211129 15:34:43.591" endtime="20211129 15:34:48.599"/>
</kw>
<kw name="Click Element" library="AppiumLibrary">
<arg>id=com.apnatime.debug:id/act_profile_info_et_location</arg>
<doc>Click element identified by `locator`.</doc>
<msg timestamp="20211129 15:34:48.601" level="INFO">Clicking element 'id=com.apnatime.debug:id/act_profile_info_et_location'.</msg>
<status status="PASS" starttime="20211129 15:34:48.599" endtime="20211129 15:34:49.168"/>
</kw>
<kw name="Sleep" library="BuiltIn">
<arg>5s</arg>
<doc>Pauses the test executed for the given time.</doc>
<msg timestamp="20211129 15:34:54.175" level="INFO">Slept 5 seconds</msg>
<status status="PASS" starttime="20211129 15:34:49.169" endtime="20211129 15:34:54.175"/>
</kw>
<kw name="Click Element" library="AppiumLibrary">
<arg>xpath=//android.widget.TextView[@text="Acharya College"]</arg>
<doc>Click element identified by `locator`.</doc>
<msg timestamp="20211129 15:34:54.178" level="INFO">Clicking element 'xpath=//android.widget.TextView[@text="Acharya College"]'.</msg>
<status status="PASS" starttime="20211129 15:34:54.175" endtime="20211129 15:34:54.763"/>
</kw>
<kw name="Sleep" library="BuiltIn">
<arg>5s</arg>
<doc>Pauses the test executed for the given time.</doc>
<msg timestamp="20211129 15:34:59.767" level="INFO">Slept 5 seconds</msg>
<status status="PASS" starttime="20211129 15:34:54.763" endtime="20211129 15:34:59.767"/>
</kw>
<kw name="Click Element" library="AppiumLibrary">
<arg>id=com.apnatime.debug:id/btn_gender_female</arg>
<doc>Click element identified by `locator`.</doc>
<msg timestamp="20211129 15:34:59.771" level="INFO">Clicking element 'id=com.apnatime.debug:id/btn_gender_female'.</msg>
<status status="PASS" starttime="20211129 15:34:59.767" endtime="20211129 15:35:00.460"/>
</kw>
<kw name="Sleep" library="BuiltIn">
<arg>5s</arg>
<doc>Pauses the test executed for the given time.</doc>
<msg timestamp="20211129 15:35:05.462" level="INFO">Slept 5 seconds</msg>
<status status="PASS" starttime="20211129 15:35:00.461" endtime="20211129 15:35:05.462"/>
</kw>
<kw name="Click Element" library="AppiumLibrary">
<arg>id=com.apnatime.debug:id/act_profile_info_btn_continue</arg>
<doc>Click element identified by `locator`.</doc>
<msg timestamp="20211129 15:35:05.465" level="INFO">Clicking element 'id=com.apnatime.debug:id/act_profile_info_btn_continue'.</msg>
<status status="PASS" starttime="20211129 15:35:05.462" endtime="20211129 15:35:05.573"/>
</kw>
<kw name="Sleep" library="BuiltIn">
<arg>5s</arg>
<doc>Pauses the test executed for the given time.</doc>
<msg timestamp="20211129 15:35:10.577" level="INFO">Slept 5 seconds</msg>
<status status="PASS" starttime="20211129 15:35:05.573" endtime="20211129 15:35:10.577"/>
</kw>
<kw name="Click Element" library="AppiumLibrary">
<arg>id=com.apnatime.debug:id/act_education_btn_fresher</arg>
<doc>Click element identified by `locator`.</doc>
<msg timestamp="20211129 15:35:10.589" level="INFO">Clicking element 'id=com.apnatime.debug:id/act_education_btn_fresher'.</msg>
<status status="PASS" starttime="20211129 15:35:10.577" endtime="20211129 15:35:11.282"/>
</kw>
<kw name="Sleep" library="BuiltIn">
<arg>5s</arg>
<doc>Pauses the test executed for the given time.</doc>
<msg timestamp="20211129 15:35:16.287" level="INFO">Slept 5 seconds</msg>
<status status="PASS" starttime="20211129 15:35:11.282" endtime="20211129 15:35:16.287"/>
</kw>
<kw name="Click Element" library="AppiumLibrary">
<arg>id=com.apnatime.debug:id/act_education_btn_continue</arg>
<doc>Click element identified by `locator`.</doc>
<msg timestamp="20211129 15:35:16.291" level="INFO">Clicking element 'id=com.apnatime.debug:id/act_education_btn_continue'.</msg>
<status status="PASS" starttime="20211129 15:35:16.288" endtime="20211129 15:35:16.389"/>
</kw>
<kw name="Sleep" library="BuiltIn">
<arg>5s</arg>
<doc>Pauses the test executed for the given time.</doc>
<msg timestamp="20211129 15:35:21.399" level="INFO">Slept 5 seconds</msg>
<status status="PASS" starttime="20211129 15:35:16.389" endtime="20211129 15:35:21.399"/>
</kw>
<kw name="Click Element" library="AppiumLibrary">
<arg>id=com.apnatime.debug:id/et_education</arg>
<doc>Click element identified by `locator`.</doc>
<msg timestamp="20211129 15:35:21.401" level="INFO">Clicking element 'id=com.apnatime.debug:id/et_education'.</msg>
<status status="PASS" starttime="20211129 15:35:21.399" endtime="20211129 15:35:22.154"/>
</kw>
<kw name="Click Element" library="AppiumLibrary">
<arg>id=com.apnatime.debug:id/tv_education_detail_info</arg>
<doc>Click element identified by `locator`.</doc>
<msg timestamp="20211129 15:35:22.156" level="INFO">Clicking element 'id=com.apnatime.debug:id/tv_education_detail_info'.</msg>
<status status="PASS" starttime="20211129 15:35:22.154" endtime="20211129 15:35:23.909"/>
</kw>
<kw name="Sleep" library="BuiltIn">
<arg>5s</arg>
<doc>Pauses the test executed for the given time.</doc>
<msg timestamp="20211129 15:35:28.911" level="INFO">Slept 5 seconds</msg>
<status status="PASS" starttime="20211129 15:35:23.910" endtime="20211129 15:35:28.911"/>
</kw>
<kw name="Click Element" library="AppiumLibrary">
<arg>id=com.apnatime.debug:id/act_education_btn_continue</arg>
<doc>Click element identified by `locator`.</doc>
<msg timestamp="20211129 15:35:28.915" level="INFO">Clicking element 'id=com.apnatime.debug:id/act_education_btn_continue'.</msg>
<status status="PASS" starttime="20211129 15:35:28.912" endtime="20211129 15:35:29.040"/>
</kw>
<kw name="Sleep" library="BuiltIn">
<arg>5s</arg>
<doc>Pauses the test executed for the given time.</doc>
<msg timestamp="20211129 15:35:34.042" level="INFO">Slept 5 seconds</msg>
<status status="PASS" starttime="20211129 15:35:29.040" endtime="20211129 15:35:34.042"/>
</kw>
<kw name="Click Element" library="AppiumLibrary">
<arg>xpath=//android.widget.TextView[@text="Delivery Person"]</arg>
<doc>Click element identified by `locator`.</doc>
<msg timestamp="20211129 15:35:34.046" level="INFO">Clicking element 'xpath=//android.widget.TextView[@text="Delivery Person"]'.</msg>
<status status="PASS" starttime="20211129 15:35:34.042" endtime="20211129 15:35:34.255"/>
</kw>
<kw name="Sleep" library="BuiltIn">
<arg>5s</arg>
<doc>Pauses the test executed for the given time.</doc>
<msg timestamp="20211129 15:35:39.262" level="INFO">Slept 5 seconds</msg>
<status status="PASS" starttime="20211129 15:35:34.255" endtime="20211129 15:35:39.262"/>
</kw>
<kw name="Click Element" library="AppiumLibrary">
<arg>xpath=//android.widget.TextView[@text="Maid"]</arg>
<doc>Click element identified by `locator`.</doc>
<msg timestamp="20211129 15:35:39.266" level="INFO">Clicking element 'xpath=//android.widget.TextView[@text="Maid"]'.</msg>
<status status="PASS" starttime="20211129 15:35:39.262" endtime="20211129 15:35:39.429"/>
</kw>
<kw name="Sleep" library="BuiltIn">
<arg>5s</arg>
<doc>Pauses the test executed for the given time.</doc>
<msg timestamp="20211129 15:35:44.445" level="INFO">Slept 5 seconds</msg>
<status status="PASS" starttime="20211129 15:35:39.430" endtime="20211129 15:35:44.445"/>
</kw>
<kw name="Click Element" library="AppiumLibrary">
<arg>xpath=//android.widget.TextView[@text="Telecaller / BPO"]</arg>
<doc>Click element identified by `locator`.</doc>
<msg timestamp="20211129 15:35:44.449" level="INFO">Clicking element 'xpath=//android.widget.TextView[@text="Telecaller / BPO"]'.</msg>
<status status="PASS" starttime="20211129 15:35:44.445" endtime="20211129 15:35:44.670"/>
</kw>
<kw name="Sleep" library="BuiltIn">
<arg>5s</arg>
<doc>Pauses the test executed for the given time.</doc>
<msg timestamp="20211129 15:35:49.686" level="INFO">Slept 5 seconds</msg>
<status status="PASS" starttime="20211129 15:35:44.670" endtime="20211129 15:35:49.686"/>
</kw>
<kw name="Click Element" library="AppiumLibrary">
<arg>id=com.apnatime.debug:id/btn_save</arg>
<doc>Click element identified by `locator`.</doc>
<msg timestamp="20211129 15:35:49.692" level="INFO">Clicking element 'id=com.apnatime.debug:id/btn_save'.</msg>
<status status="PASS" starttime="20211129 15:35:49.686" endtime="20211129 15:35:49.809"/>
</kw>
<kw name="Sleep" library="BuiltIn">
<arg>5s</arg>
<doc>Pauses the test executed for the given time.</doc>
<msg timestamp="20211129 15:35:54.819" level="INFO">Slept 5 seconds</msg>
<status status="PASS" starttime="20211129 15:35:49.810" endtime="20211129 15:35:54.819"/>
</kw>
<kw name="Click Element" library="AppiumLibrary">
<arg>id=com.apnatime.debug:id/tv_skip_photo</arg>
<doc>Click element identified by `locator`.</doc>
<msg timestamp="20211129 15:35:54.824" level="INFO">Clicking element 'id=com.apnatime.debug:id/tv_skip_photo'.</msg>
<status status="PASS" starttime="20211129 15:35:54.819" endtime="20211129 15:35:54.937"/>
</kw>
<kw name="Sleep" library="BuiltIn">
<arg>5s</arg>
<doc>Pauses the test executed for the given time.</doc>
<msg timestamp="20211129 15:35:59.949" level="INFO">Slept 5 seconds</msg>
<status status="PASS" starttime="20211129 15:35:54.938" endtime="20211129 15:35:59.949"/>
</kw>
<kw name="Click Element" library="AppiumLibrary">
<arg>id=com.apnatime.debug:id/tvSeeJobs</arg>
<doc>Click element identified by `locator`.</doc>
<msg timestamp="20211129 15:35:59.952" level="INFO">Clicking element 'id=com.apnatime.debug:id/tvSeeJobs'.</msg>
<status status="PASS" starttime="20211129 15:35:59.949" endtime="20211129 15:36:00.072"/>
</kw>
<status status="PASS" starttime="20211129 15:34:15.517" endtime="20211129 15:36:00.073"/>
</kw>
<status status="PASS" starttime="20211129 15:33:56.671" endtime="20211129 15:36:00.074"/>
</test>
<status status="PASS" starttime="20211129 15:33:56.005" endtime="20211129 15:36:00.076"/>
</suite>
<statistics>
<total>
<stat pass="1" fail="0" skip="0">All Tests</stat>
</total>
<tag>
</tag>
<suite>
<stat pass="1" fail="0" skip="0" id="s1" name="Test">Test</stat>
</suite>
</statistics>
<errors>
</errors>
</robot>
